===== Starting Update Task =====
Дані передано до MQTT брокера: Device_3781
Updated Record ID: 3433 | Last Updated: 2024-12-03 23:43:14.204127+02:00 | Critical Data: {'steps_count': 15784, 'calories_burned_kcal': 4469.69}
Дані передано до MQTT брокера: Device_9292
Updated Record ID: 3424 | Last Updated: 2024-12-03 23:43:14.227140+02:00 | Critical Data: {'glucose_level_mg_dL': 107}
Дані передано до MQTT брокера: Device_7347
Updated Record ID: 3436 | Last Updated: 2024-12-03 23:43:14.229152+02:00 | Critical Data: {'heart_rate': 74}
Дані передано до MQTT брокера: Device_4774
Updated Record ID: 3418 | Last Updated: 2024-12-03 23:43:14.242768+02:00 | Critical Data: {'infusion_rate_mL_h': 305.85}
Дані передано до MQTT брокера: Device_5197
Updated Record ID: 3419 | Last Updated: 2024-12-03 23:43:14.257792+02:00 | Critical Data: {'glucose_level_mg_dL': 134}
Дані передано до MQTT брокера: Device_3166
Updated Record ID: 3420 | Last Updated: 2024-12-03 23:43:14.271958+02:00 | Critical Data: {'blood_pressure': '139/90'}
Дані передано до MQTT брокера: Device_4130
Updated Record ID: 3421 | Last Updated: 2024-12-03 23:43:14.274941+02:00 | Critical Data: {'heart_rate': 66}
Дані передано до MQTT брокера: Device_4475
Updated Record ID: 3422 | Last Updated: 2024-12-03 23:43:14.275944+02:00 | Critical Data: {'infusion_rate_mL_h': 326.05}
Дані передано до MQTT брокера: Device_2762
Updated Record ID: 3423 | Last Updated: 2024-12-03 23:43:14.278460+02:00 | Critical Data: {'heart_rate': 129}
Дані передано до MQTT брокера: Device_3095
Updated Record ID: 3443 | Last Updated: 2024-12-03 23:43:14.279457+02:00 | Critical Data: {'oxygen_saturation_percent': 85.71, 'respiratory_rate_bpm': 27}
Дані передано до MQTT брокера: Device_3364
Updated Record ID: 3444 | Last Updated: 2024-12-03 23:43:14.281458+02:00 | Critical Data: {'oxygen_saturation_percent': 82.77, 'respiratory_rate_bpm': 10}
Дані передано до MQTT брокера: Device_9337
Updated Record ID: 3413 | Last Updated: 2024-12-03 23:43:14.283457+02:00 | Critical Data: {'patient_weight_kg': 82, 'bed_angle_deg': 3.8}
Дані передано до MQTT брокера: Device_9023
Updated Record ID: 3414 | Last Updated: 2024-12-03 23:43:14.303316+02:00 | Critical Data: {'heart_rate': 179}
Дані передано до MQTT брокера: Device_5225
Updated Record ID: 3415 | Last Updated: 2024-12-03 23:43:14.304315+02:00 | Critical Data: {'oxygen_saturation_percent': 90.87, 'respiratory_rate_bpm': 26}
Дані передано до MQTT брокера: Device_5773
Updated Record ID: 3416 | Last Updated: 2024-12-03 23:43:14.307317+02:00 | Critical Data: {'blood_pressure': '115/86'}
Дані передано до MQTT брокера: Device_9569
Updated Record ID: 3417 | Last Updated: 2024-12-03 23:43:14.334400+02:00 | Critical Data: {'infusion_rate_mL_h': 156.39}
Дані передано до MQTT брокера: Device_6104
Updated Record ID: 3438 | Last Updated: 2024-12-03 23:43:14.349385+02:00 | Critical Data: {'glucose_level_mg_dL': 93}
Пристрій Device_4435 відключений.
Дані передано до MQTT брокера: Device_5417
Updated Record ID: 3446 | Last Updated: 2024-12-03 23:43:14.367126+02:00 | Critical Data: {'infusion_rate_mL_h': 384.23}
Дані передано до MQTT брокера: Device_6771
Updated Record ID: 3425 | Last Updated: 2024-12-03 23:43:14.381436+02:00 | Critical Data: {'glucose_level_mg_dL': 116}
Дані передано до MQTT брокера: Device_4875
Updated Record ID: 3426 | Last Updated: 2024-12-03 23:43:14.395517+02:00 | Critical Data: {'ecg_readings': [0.09, 0.18, 0.18, -0.39, 0.04, 0.33, -0.61, 0.9, -0.67, 0.14]}
Дані передано до MQTT брокера: Device_8792
Updated Record ID: 3427 | Last Updated: 2024-12-03 23:43:14.411860+02:00 | Critical Data: {'ecg_readings': [0.25, 0.39, -0.26, -0.49, -0.01, 0.39, -0.8, -0.87, 0.62, 0.58]}
Дані передано до MQTT брокера: Device_3089
Updated Record ID: 3428 | Last Updated: 2024-12-03 23:43:14.427097+02:00 | Critical Data: {'ecg_readings': [-0.16, 0.13, 0.28, -0.58, 0.53, 0.83, -0.9, -0.96, -0.2, 0.02]}
Дані передано до MQTT брокера: Device_6014
Updated Record ID: 3429 | Last Updated: 2024-12-03 23:43:14.442698+02:00 | Critical Data: {'glucose_level_mg_dL': 179}
Дані передано до MQTT брокера: Device_5412
Updated Record ID: 3431 | Last Updated: 2024-12-03 23:43:14.458815+02:00 | Critical Data: {'patient_weight_kg': 112, 'bed_angle_deg': 35.1}
Дані передано до MQTT брокера: Device_2238
Updated Record ID: 3432 | Last Updated: 2024-12-03 23:43:14.473453+02:00 | Critical Data: {'steps_count': 11276, 'calories_burned_kcal': 4681.3}
Дані передано до MQTT брокера: Device_8144
Updated Record ID: 3430 | Last Updated: 2024-12-03 23:43:14.489380+02:00 | Critical Data: {'ecg_readings': [0.78, -0.42, -0.36, -0.54, 0.82, 0.59, -0.68, 0.95, 0.66, 0.17]}
Дані передано до MQTT брокера: Device_1434
Updated Record ID: 3434 | Last Updated: 2024-12-03 23:43:14.504091+02:00 | Critical Data: {'ecg_readings': [-0.15, -0.55, 0.24, 0.38, -0.12, 0.21, 0.86, 0.97, -0.32, 0.87]}
Дані передано до MQTT брокера: Device_6264
Updated Record ID: 3435 | Last Updated: 2024-12-03 23:43:14.520250+02:00 | Critical Data: {'glucose_level_mg_dL': 187}
Дані передано до MQTT брокера: Device_2771
Updated Record ID: 3437 | Last Updated: 2024-12-03 23:43:14.536433+02:00 | Critical Data: {'infusion_rate_mL_h': 433.6}
Дані передано до MQTT брокера: Device_2851
Updated Record ID: 3440 | Last Updated: 2024-12-03 23:43:14.552198+02:00 | Critical Data: {'infusion_rate_mL_h': 224.98}
Дані передано до MQTT брокера: Device_4220
Updated Record ID: 3441 | Last Updated: 2024-12-03 23:43:14.568494+02:00 | Critical Data: {'heart_rate': 122}
Дані передано до MQTT брокера: Device_5147
Updated Record ID: 3442 | Last Updated: 2024-12-03 23:43:14.585046+02:00 | Critical Data: {'heart_rate': 49}
Дані передано до MQTT брокера: Device_9894
Updated Record ID: 3445 | Last Updated: 2024-12-03 23:43:14.599299+02:00 | Critical Data: {'steps_count': 6271, 'calories_burned_kcal': 1755.09}
Дані передано до MQTT брокера: Device_4441
Updated Record ID: 3447 | Last Updated: 2024-12-03 23:43:14.614138+02:00 | Critical Data: {'blood_pressure': '169/67'}
Пристрій Device_5880 відключений.
Дані передано до MQTT брокера: Device_7037
Updated Record ID: 3449 | Last Updated: 2024-12-03 23:43:14.630332+02:00 | Critical Data: {'oxygen_saturation_percent': 95.85, 'respiratory_rate_bpm': 11}
Дані передано до MQTT брокера: Device_9361
Updated Record ID: 3450 | Last Updated: 2024-12-03 23:43:14.643858+02:00 | Critical Data: {'infusion_rate_mL_h': 365.73}
Дані передано до MQTT брокера: Device_5438
Updated Record ID: 3451 | Last Updated: 2024-12-03 23:43:14.659366+02:00 | Critical Data: {'glucose_level_mg_dL': 93}
Дані передано до MQTT брокера: Device_1502
Updated Record ID: 3452 | Last Updated: 2024-12-03 23:43:14.661366+02:00 | Critical Data: {'infusion_rate_mL_h': 391.2}
Дані передано до MQTT брокера: Device_2551
Updated Record ID: 3456 | Last Updated: 2024-12-03 23:43:14.675375+02:00 | Critical Data: {'infusion_rate_mL_h': 246.99}
Дані передано до MQTT брокера: Device_3461
Updated Record ID: 3462 | Last Updated: 2024-12-03 23:43:14.677376+02:00 | Critical Data: {'blood_pressure': '149/73'}
Дані передано до MQTT брокера: Device_9394
Updated Record ID: 3453 | Last Updated: 2024-12-03 23:43:14.692512+02:00 | Critical Data: {'oxygen_saturation_percent': 89.8, 'respiratory_rate_bpm': 17}
Дані передано до MQTT брокера: Device_7851
Updated Record ID: 3454 | Last Updated: 2024-12-03 23:43:14.707510+02:00 | Critical Data: {'infusion_rate_mL_h': 309.13}
Дані передано до MQTT брокера: Device_4604
Updated Record ID: 3455 | Last Updated: 2024-12-03 23:43:14.709819+02:00 | Critical Data: {'blood_pressure': '119/111'}
Дані передано до MQTT брокера: Device_8095
Updated Record ID: 3457 | Last Updated: 2024-12-03 23:43:14.712823+02:00 | Critical Data: {'oxygen_saturation_percent': 81.62, 'respiratory_rate_bpm': 19}
Дані передано до MQTT брокера: Device_4199
Updated Record ID: 3458 | Last Updated: 2024-12-03 23:43:14.739482+02:00 | Critical Data: {'steps_count': 16733, 'calories_burned_kcal': 1044.28}
Дані передано до MQTT брокера: Device_2582
Updated Record ID: 3459 | Last Updated: 2024-12-03 23:43:14.755523+02:00 | Critical Data: {'infusion_rate_mL_h': 339.43}
Дані передано до MQTT брокера: Device_8681
Updated Record ID: 3460 | Last Updated: 2024-12-03 23:43:14.758035+02:00 | Critical Data: {'ecg_readings': [0.21, 0.2, 0.71, 0.64, -0.14, -0.46, 0.18, -0.58, 0.8, 0.03]}
Дані передано до MQTT брокера: Device_4410
Updated Record ID: 3461 | Last Updated: 2024-12-03 23:43:14.785183+02:00 | Critical Data: {'blood_pressure': '146/63'}
Оновлено 48 записів у базі.
